<?xml version="1.0" encoding="UTF-8"?>
<!-- Generated by org.testng.reporters.JUnitReportReporter -->
<testsuite hostname="DESKTOP-IVGV9MO" failures="0" tests="2" name="org.DemoWorkShop.testCases.TestCase1" time="13.409" errors="0" timestamp="2023-06-11T03:32:28 GMT-07:00" skipped="0">
  <testcase classname="org.DemoWorkShop.testCases.TestCase1" name="scenario1" time="6.271"/>
  <testcase classname="org.DemoWorkShop.testCases.TestCase1" name="scenario1" time="7.138"/>
</testsuite> <!-- org.DemoWorkShop.testCases.TestCase1 -->
