<?xml version="1.0" encoding="UTF-8"?>
<!-- Generated by org.testng.reporters.JUnitReportReporter -->
<testsuite hostname="DESKTOP-IVGV9MO" failures="0" tests="2" name="org.DemoWorkShop.testCases.TestCase1" time="5.524" errors="0" timestamp="2023-06-11T04:37:44 GMT-07:00" skipped="0">
  <testcase classname="org.DemoWorkShop.testCases.TestCase1" name="scenario1" time="2.519"/>
  <testcase classname="org.DemoWorkShop.testCases.TestCase1" name="scenario1" time="3.005"/>
</testsuite> <!-- org.DemoWorkShop.testCases.TestCase1 -->
